<?xml version="1.0" encoding="UTF-8"?>
<!-- Generated by org.testng.reporters.JUnitReportReporter -->
<testsuite hostname="LAPTOP-69RVCOJD" failures="0" tests="2" name="qaclickacademy.MobileTest" time="0.000" errors="0" timestamp="2019-09-21T23:49:10 IST" skipped="0">
  <testcase classname="qaclickacademy.MobileTest" name="browserAutomationNew" time="0.000"/>
  <testcase classname="qaclickacademy.MobileTest" name="elementsUiNew" time="0.000"/>
</testsuite> <!-- qaclickacademy.MobileTest -->
