<?xml version="1.0" encoding="UTF-8"?>
<!-- Generated by org.testng.reporters.JUnitReportReporter -->
<testsuite hostname="LAPTOP-69RVCOJD" failures="0" tests="2" name="qaclickacademy.SeleniumTest" time="0.015" errors="0" timestamp="2019-09-21T23:49:10 IST" skipped="0">
  <testcase classname="qaclickacademy.SeleniumTest" name="elementsUi" time="0.000"/>
  <testcase classname="qaclickacademy.SeleniumTest" name="browserAutomation" time="0.015"/>
</testsuite> <!-- qaclickacademy.SeleniumTest -->
